<?xml version="1.0" encoding="UTF-8"?>
<testsuite xmlns:xsi="http://www.w3.org/2001/XMLSchema-instance" xsi:noNamespaceSchemaLocation="https://maven.apache.org/surefire/maven-surefire-plugin/xsd/surefire-test-report-3.0.xsd" version="3.0" name="UI.visibilityManagerTest" time="0.017" tests="4" errors="0" skipped="0" failures="0">
  <properties>
[...]
</properties>
  <testcase name="testShowMenuScreen" classname="UI.visibilityManagerTest" time="0.005"/>
  <testcase name="testShowLoadScreen" classname="UI.visibilityManagerTest" time="0.003"/>
  <testcase name="testShowStartScreen" classname="UI.visibilityManagerTest" time="0.002"/>
  <testcase name="testShowGameScreen" classname="UI.visibilityManagerTest" time="0.004">
    <system-out><![CDATA[Guarda che non hai selezionato una categoria: default warrior
]]></system-out>
  </testcase>
</testsuite>